# ELBREAD: Elaboration process.
# ELBREAD: Elaboration time 0.0 [s].
acom -O3 -e 100 -work Generic_Multiplier -2002  $dsn/src/Generic_Multiplier_System.vhd
# Warning: DAGGEN_0523: The source is compiled without the -dbg switch. Line breakpoints and assertion debug will not be available.
# File: c:/ActiveHDL_Designs/Advanced_Digital_Project/Generic_Multiplier/src/Generic_Multiplier_System.vhd
# Compile Entity "And2"
# Compile Architecture "And2" of Entity "And2"
# Compile Entity "Or2"
# Compile Architecture "Or2" of Entity "Or2"
# Compile Entity "Xor2"
# Compile Architecture "Xor2" of Entity "Xor2"
# Compile Entity "One_Bit_Adder"
# Compile Architecture "structural_One_Bit_Adder" of Entity "One_Bit_Adder"
# Compile Entity "n_bit_adder"
# Compile Architecture "structural_N_Bit_Adder" of Entity "N_Bit_Adder"
# Compile Entity "MUX2X1"
# Compile Architecture "MUX2X1" of Entity "MUX2X1"
# Compile Entity "special_right_shift"
# Compile Architecture "special_right_shift" of Entity "special_right_shift"
# Compile Entity "Generic_Multiplier"
# Compile Architecture "Structural_Generic_Multiplier_Algorithm_NO_1" of Entity "Generic_Multiplier"
# Compile Architecture "Structural_Generic_Multiplier_Algorithm_NO_2" of Entity "Generic_Multiplier"
# Compile Entity "result_analyzer"
# Compile Architecture "result_analyzer" of Entity "result_analyzer"
# Compile Entity "test_generator"
# Compile Architecture "test_generator" of Entity "test_generator"
# Compile Entity "test_bench"
# Compile Architecture "test_bench_1" of Entity "test_bench"
# Compile Architecture "test_bench_2" of Entity "test_bench"
# Compile success 0 Errors 0 Warnings  Analysis time :  0.5 [s]
asim -O5 +access +r +m+test_bench test_bench test_bench_2
# ELBREAD: Elaboration process.
# ELBREAD: Elaboration time 0.0 [s].
# VSIM: Stack memory: 32MB
# VSIM: Retval memory: 32MB
# 
# KERNEL: Main thread initiated.
# KERNEL: Kernel process initialization phase.
# ELAB2: Elaboration final pass...
# ELAB2: Create instances ...
# KERNEL: Time resolution set to 1ps.
# ELAB2: Create instances complete.
# SLP: Started
# SLP: Elaboration phase ...
# SLP: Elaboration phase ... skipped, nothing to simulate in SLP mode : 0.0 [s]
# SLP: Finished : 0.0 [s]
# ELAB2: Elaboration final pass complete - time: 0.1 [s].
# KERNEL: Warning: You are using the Active-HDL Student Edition. The performance of simulation is running at a reduced rate.
# KERNEL: Warning: Contact Aldec for available upgrade options - sales@aldec.com.
# KERNEL: Kernel process initialization done.
# Allocation: Simulator allocated 7087 kB (elbread=1280 elab2=5668 kernel=138 sdf=0)
# KERNEL: ASDB file was created in location c:\ActiveHDL_Designs\Advanced_Digital_Project\Generic_Multiplier\src\wave.asdb
#  11:51 PM, Thursday, May 27, 2021
#  Simulation has been initialized
# 5 signal(s) traced.
# Waveform file 'untitled.awc' connected to 'c:/ActiveHDL_Designs/Advanced_Digital_Project/Generic_Multiplier/src/wave.asdb'.
run @20580ns
# KERNEL: stopped at time: 20580 ns
endsim
# VSIM: Simulation has finished.
acom -O3 -e 100 -work Generic_Multiplier -2002  $dsn/src/Generic_Multiplier_System.vhd
# Warning: DAGGEN_0523: The source is compiled without the -dbg switch. Line breakpoints and assertion debug will not be available.
# File: c:/ActiveHDL_Designs/Advanced_Digital_Project/Generic_Multiplier/src/Generic_Multiplier_System.vhd
# Compile Entity "And2"
# Compile Architecture "And2" of Entity "And2"
# Compile Entity "Or2"
# Compile Architecture "Or2" of Entity "Or2"
# Compile Entity "Xor2"
# Compile Architecture "Xor2" of Entity "Xor2"
# Compile Entity "One_Bit_Adder"
# Compile Architecture "structural_One_Bit_Adder" of Entity "One_Bit_Adder"
# Compile Entity "n_bit_adder"
# Compile Architecture "structural_N_Bit_Adder" of Entity "N_Bit_Adder"
# Compile Entity "MUX2X1"
# Compile Architecture "MUX2X1" of Entity "MUX2X1"
# Compile Entity "special_right_shift"
# Compile Architecture "special_right_shift" of Entity "special_right_shift"
# Compile Entity "Generic_Multiplier"
# Compile Architecture "Structural_Generic_Multiplier_Algorithm_NO_1" of Entity "Generic_Multiplier"
# Compile Architecture "Structural_Generic_Multiplier_Algorithm_NO_2" of Entity "Generic_Multiplier"
# Compile Entity "result_analyzer"
# Compile Architecture "result_analyzer" of Entity "result_analyzer"
# Compile Entity "test_generator"
# Compile Architecture "test_generator" of Entity "test_generator"
# Compile Entity "test_bench"
# Compile Architecture "test_bench_1" of Entity "test_bench"
# Compile Architecture "test_bench_2" of Entity "test_bench"
# Compile success 0 Errors 0 Warnings  Analysis time :  0.1 [s]
asim -O5 +access +r +m+test_bench test_bench test_bench_2
# ELBREAD: Elaboration process.
# ELBREAD: Elaboration time 0.0 [s].
# VSIM: Stack memory: 32MB
# VSIM: Retval memory: 32MB
# 
# KERNEL: Main thread initiated.
# KERNEL: Kernel process initialization phase.
# ELAB2: Elaboration final pass...
# ELAB2: Create instances ...
# KERNEL: Time resolution set to 1ps.
# ELAB2: Create instances complete.
# SLP: Started
# SLP: Elaboration phase ...
# SLP: Elaboration phase ... skipped, nothing to simulate in SLP mode : 0.0 [s]
# SLP: Finished : 0.0 [s]
# ELAB2: Elaboration final pass complete - time: 0.0 [s].
# KERNEL: Warning: You are using the Active-HDL Student Edition. The performance of simulation is running at a reduced rate.
# KERNEL: Warning: Contact Aldec for available upgrade options - sales@aldec.com.
# KERNEL: Kernel process initialization done.
# Allocation: Simulator allocated 7245 kB (elbread=1282 elab2=5820 kernel=142 sdf=0)
# KERNEL: ASDB file was created in location c:\ActiveHDL_Designs\Advanced_Digital_Project\Generic_Multiplier\src\wave.asdb
#  11:53 PM, Thursday, May 27, 2021
#  Simulation has been initialized
# 5 signal(s) traced.
# Waveform file 'untitled.awc' connected to 'c:/ActiveHDL_Designs/Advanced_Digital_Project/Generic_Multiplier/src/wave.asdb'.
run @20480ns
# KERNEL: stopped at time: 20480 ns
endsim
# VSIM: Simulation has finished.
# ELBREAD: Elaboration process.
# ELBREAD: Elaboration time 0.0 [s].
acom -O3 -e 100 -work Generic_Multiplier -2002  $dsn/src/Generic_Multiplier_System.vhd
# Warning: DAGGEN_0523: The source is compiled without the -dbg switch. Line breakpoints and assertion debug will not be available.
# File: c:/ActiveHDL_Designs/Advanced_Digital_Project/Generic_Multiplier/src/Generic_Multiplier_System.vhd
# Compile Entity "And2"
# Compile Architecture "And2" of Entity "And2"
# Compile Entity "Or2"
# Compile Architecture "Or2" of Entity "Or2"
# Compile Entity "Xor2"
# Compile Architecture "Xor2" of Entity "Xor2"
# Compile Entity "One_Bit_Adder"
# Compile Architecture "structural_One_Bit_Adder" of Entity "One_Bit_Adder"
# Compile Entity "n_bit_adder"
# Compile Architecture "structural_N_Bit_Adder" of Entity "N_Bit_Adder"
# Compile Entity "MUX2X1"
# Compile Architecture "MUX2X1" of Entity "MUX2X1"
# Compile Entity "special_right_shift"
# Compile Architecture "special_right_shift" of Entity "special_right_shift"
# Compile Entity "Generic_Multiplier"
# Compile Architecture "Structural_Generic_Multiplier_Algorithm_NO_1" of Entity "Generic_Multiplier"
# Compile Architecture "Structural_Generic_Multiplier_Algorithm_NO_2" of Entity "Generic_Multiplier"
# Compile Entity "result_analyzer"
# Compile Architecture "result_analyzer" of Entity "result_analyzer"
# Compile Entity "test_generator"
# Compile Architecture "test_generator" of Entity "test_generator"
# Compile Entity "test_bench"
# Compile Architecture "test_bench_1" of Entity "test_bench"
# Compile Architecture "test_bench_2" of Entity "test_bench"
# Compile success 0 Errors 0 Warnings  Analysis time :  0.1 [s]
asim -O5 +access +r +m+test_bench test_bench test_bench_1
# ELBREAD: Elaboration process.
# ELBREAD: Elaboration time 0.0 [s].
# VSIM: Stack memory: 32MB
# VSIM: Retval memory: 32MB
# 
# KERNEL: Main thread initiated.
# KERNEL: Kernel process initialization phase.
# ELAB2: Elaboration final pass...
# ELAB2: Create instances ...
# KERNEL: Time resolution set to 1ps.
# ELAB2: Create instances complete.
# SLP: Started
# SLP: Elaboration phase ...
# SLP: Elaboration phase ... skipped, nothing to simulate in SLP mode : 0.0 [s]
# SLP: Finished : 0.0 [s]
# ELAB2: Elaboration final pass complete - time: 0.0 [s].
# KERNEL: Warning: You are using the Active-HDL Student Edition. The performance of simulation is running at a reduced rate.
# KERNEL: Warning: Contact Aldec for available upgrade options - sales@aldec.com.
# KERNEL: Kernel process initialization done.
# Allocation: Simulator allocated 7230 kB (elbread=1282 elab2=5807 kernel=140 sdf=0)
# KERNEL: ASDB file was created in location c:\ActiveHDL_Designs\Advanced_Digital_Project\Generic_Multiplier\src\wave.asdb
#  11:53 PM, Thursday, May 27, 2021
#  Simulation has been initialized
# 5 signal(s) traced.
# Waveform file 'untitled.awc' connected to 'c:/ActiveHDL_Designs/Advanced_Digital_Project/Generic_Multiplier/src/wave.asdb'.
run @20480ns
# KERNEL: stopped at time: 20480 ns
